[ 2014-12-04T10:55:45+08:00 ] 127.0.0.1 /index.php?s=/Member/Index/index.html
INFO: [ app_init ] --START--
INFO: Run Behavior\BuildLiteBehavior [ RunTime:0.000000s ]
INFO: Run Common\Behavior\InitHookBehavior [ RunTime:0.007000s ]
INFO: [ app_init ] --END-- [ RunTime:0.008000s ]
INFO: [ app_begin ] --START--
INFO: Run Behavior\ReadHtmlCacheBehavior [ RunTime:0.002000s ]
INFO: [ app_begin ] --END-- [ RunTime:0.002000s ]
SQL: SHOW COLUMNS FROM `gica_config` [ RunTime:0.0020s ]
SQL: SELECT `type`,`name`,`value` FROM `gica_config` WHERE `status` = 1  [ RunTime:0.0010s ]

[ 2014-12-04T10:56:50+08:00 ] 127.0.0.1 /index.php?s=/Member/Index/index.html
INFO: [ app_init ] --START--
INFO: Run Behavior\BuildLiteBehavior [ RunTime:0.000000s ]
INFO: Run Common\Behavior\InitHookBehavior [ RunTime:0.007001s ]
INFO: [ app_init ] --END-- [ RunTime:0.007001s ]
INFO: [ app_begin ] --START--
INFO: Run Behavior\ReadHtmlCacheBehavior [ RunTime:0.002000s ]
INFO: [ app_begin ] --END-- [ RunTime:0.002000s ]
SQL: SHOW COLUMNS FROM `gica_config` [ RunTime:0.0020s ]
SQL: SELECT `type`,`name`,`value` FROM `gica_config` WHERE `status` = 1  [ RunTime:0.0010s ]

[ 2014-12-04T10:57:11+08:00 ] 127.0.0.1 /index.php?s=/Member/Index/index.html
INFO: [ app_init ] --START--
INFO: Run Behavior\BuildLiteBehavior [ RunTime:0.000000s ]
INFO: Run Common\Behavior\InitHookBehavior [ RunTime:0.007000s ]
INFO: [ app_init ] --END-- [ RunTime:0.007000s ]
INFO: [ app_begin ] --START--
INFO: Run Behavior\ReadHtmlCacheBehavior [ RunTime:0.002001s ]
INFO: [ app_begin ] --END-- [ RunTime:0.002001s ]
SQL: SHOW COLUMNS FROM `gica_config` [ RunTime:0.0020s ]
SQL: SELECT `type`,`name`,`value` FROM `gica_config` WHERE `status` = 1  [ RunTime:0.0010s ]

[ 2014-12-04T10:57:25+08:00 ] 127.0.0.1 /index.php?s=/Member/Index/index.html
INFO: [ app_init ] --START--
INFO: Run Behavior\BuildLiteBehavior [ RunTime:0.000000s ]
INFO: Run Common\Behavior\InitHookBehavior [ RunTime:0.007000s ]
INFO: [ app_init ] --END-- [ RunTime:0.007000s ]
INFO: [ app_begin ] --START--
INFO: Run Behavior\ReadHtmlCacheBehavior [ RunTime:0.002000s ]
INFO: [ app_begin ] --END-- [ RunTime:0.002000s ]
SQL: SHOW COLUMNS FROM `gica_config` [ RunTime:0.0020s ]
SQL: SELECT `type`,`name`,`value` FROM `gica_config` WHERE `status` = 1  [ RunTime:0.0000s ]

[ 2014-12-04T10:57:39+08:00 ] 127.0.0.1 /index.php?s=/Member/Index/index.html
INFO: [ app_init ] --START--
INFO: Run Behavior\BuildLiteBehavior [ RunTime:0.000000s ]
INFO: Run Common\Behavior\InitHookBehavior [ RunTime:0.007000s ]
INFO: [ app_init ] --END-- [ RunTime:0.008000s ]
INFO: [ app_begin ] --START--
INFO: Run Behavior\ReadHtmlCacheBehavior [ RunTime:0.002000s ]
INFO: [ app_begin ] --END-- [ RunTime:0.002000s ]
SQL: SHOW COLUMNS FROM `gica_config` [ RunTime:0.0020s ]
SQL: SELECT `type`,`name`,`value` FROM `gica_config` WHERE `status` = 1  [ RunTime:0.0010s ]

[ 2014-12-04T10:57:41+08:00 ] 127.0.0.1 /index.php?s=/Member/Friends/index.html
INFO: [ app_init ] --START--
INFO: Run Behavior\BuildLiteBehavior [ RunTime:0.000000s ]
INFO: Run Common\Behavior\InitHookBehavior [ RunTime:0.007001s ]
INFO: [ app_init ] --END-- [ RunTime:0.008001s ]
INFO: [ app_begin ] --START--
INFO: Run Behavior\ReadHtmlCacheBehavior [ RunTime:0.002000s ]
INFO: [ app_begin ] --END-- [ RunTime:0.002000s ]
ERR: 无法加载控制器:Friends

[ 2014-12-04T10:58:08+08:00 ] 127.0.0.1 /index.php?s=/Member/Friends/index.html
INFO: [ app_init ] --START--
INFO: Run Behavior\BuildLiteBehavior [ RunTime:0.000000s ]
INFO: Run Common\Behavior\InitHookBehavior [ RunTime:0.007000s ]
INFO: [ app_init ] --END-- [ RunTime:0.008001s ]
INFO: [ app_begin ] --START--
INFO: Run Behavior\ReadHtmlCacheBehavior [ RunTime:0.002000s ]
INFO: [ app_begin ] --END-- [ RunTime:0.002000s ]
SQL: SHOW COLUMNS FROM `gica_config` [ RunTime:0.0020s ]
SQL: SELECT `type`,`name`,`value` FROM `gica_config` WHERE `status` = 1  [ RunTime:0.0010s ]
ERR: 模板不存在:./Application/Member/View/default/Friends/index.html

[ 2014-12-04T10:58:32+08:00 ] 127.0.0.1 /index.php?s=/Member/Friends/index.html
INFO: [ app_init ] --START--
INFO: Run Behavior\BuildLiteBehavior [ RunTime:0.000000s ]
INFO: Run Common\Behavior\InitHookBehavior [ RunTime:0.007001s ]
INFO: [ app_init ] --END-- [ RunTime:0.008001s ]
INFO: [ app_begin ] --START--
INFO: Run Behavior\ReadHtmlCacheBehavior [ RunTime:0.002000s ]
INFO: [ app_begin ] --END-- [ RunTime:0.002000s ]
SQL: SHOW COLUMNS FROM `gica_config` [ RunTime:0.0030s ]
SQL: SELECT `type`,`name`,`value` FROM `gica_config` WHERE `status` = 1  [ RunTime:0.0000s ]
ERR: 模板不存在:./Application/Member/View/default/Friends/index.html

[ 2014-12-04T10:58:33+08:00 ] 127.0.0.1 /index.php?s=/Member/Friends/index.html
INFO: [ app_init ] --START--
INFO: Run Behavior\BuildLiteBehavior [ RunTime:0.000000s ]
INFO: Run Common\Behavior\InitHookBehavior [ RunTime:0.007000s ]
INFO: [ app_init ] --END-- [ RunTime:0.008000s ]
INFO: [ app_begin ] --START--
INFO: Run Behavior\ReadHtmlCacheBehavior [ RunTime:0.002001s ]
INFO: [ app_begin ] --END-- [ RunTime:0.002001s ]
SQL: SHOW COLUMNS FROM `gica_config` [ RunTime:0.0020s ]
SQL: SELECT `type`,`name`,`value` FROM `gica_config` WHERE `status` = 1  [ RunTime:0.0010s ]
ERR: 模板不存在:./Application/Member/View/default/Friends/index.html

[ 2014-12-04T10:58:33+08:00 ] 127.0.0.1 /index.php?s=/Member/Friends/index.html
INFO: [ app_init ] --START--
INFO: Run Behavior\BuildLiteBehavior [ RunTime:0.000000s ]
INFO: Run Common\Behavior\InitHookBehavior [ RunTime:0.007000s ]
INFO: [ app_init ] --END-- [ RunTime:0.008000s ]
INFO: [ app_begin ] --START--
INFO: Run Behavior\ReadHtmlCacheBehavior [ RunTime:0.002000s ]
INFO: [ app_begin ] --END-- [ RunTime:0.002000s ]
SQL: SHOW COLUMNS FROM `gica_config` [ RunTime:0.0020s ]
SQL: SELECT `type`,`name`,`value` FROM `gica_config` WHERE `status` = 1  [ RunTime:0.0010s ]
ERR: 模板不存在:./Application/Member/View/default/Friends/index.html

[ 2014-12-04T10:58:33+08:00 ] 127.0.0.1 /index.php?s=/Member/Friends/index.html
INFO: [ app_init ] --START--
INFO: Run Behavior\BuildLiteBehavior [ RunTime:0.000000s ]
INFO: Run Common\Behavior\InitHookBehavior [ RunTime:0.007000s ]
INFO: [ app_init ] --END-- [ RunTime:0.008000s ]
INFO: [ app_begin ] --START--
INFO: Run Behavior\ReadHtmlCacheBehavior [ RunTime:0.002000s ]
INFO: [ app_begin ] --END-- [ RunTime:0.002000s ]
SQL: SHOW COLUMNS FROM `gica_config` [ RunTime:0.0020s ]
SQL: SELECT `type`,`name`,`value` FROM `gica_config` WHERE `status` = 1  [ RunTime:0.0010s ]
ERR: 模板不存在:./Application/Member/View/default/Friends/index.html

[ 2014-12-04T10:58:57+08:00 ] 127.0.0.1 /index.php?s=/Member/Index/index.html
INFO: [ app_init ] --START--
INFO: Run Behavior\BuildLiteBehavior [ RunTime:0.000000s ]
INFO: Run Common\Behavior\InitHookBehavior [ RunTime:0.007000s ]
INFO: [ app_init ] --END-- [ RunTime:0.008000s ]
INFO: [ app_begin ] --START--
INFO: Run Behavior\ReadHtmlCacheBehavior [ RunTime:0.002000s ]
INFO: [ app_begin ] --END-- [ RunTime:0.002000s ]
SQL: SHOW COLUMNS FROM `gica_config` [ RunTime:0.0020s ]
SQL: SELECT `type`,`name`,`value` FROM `gica_config` WHERE `status` = 1  [ RunTime:0.0010s ]

[ 2014-12-04T10:59:02+08:00 ] 127.0.0.1 /index.php?s=/Member/Friends/index.html
INFO: [ app_init ] --START--
INFO: Run Behavior\BuildLiteBehavior [ RunTime:0.000000s ]
INFO: Run Common\Behavior\InitHookBehavior [ RunTime:0.007000s ]
INFO: [ app_init ] --END-- [ RunTime:0.007000s ]
INFO: [ app_begin ] --START--
INFO: Run Behavior\ReadHtmlCacheBehavior [ RunTime:0.002000s ]
INFO: [ app_begin ] --END-- [ RunTime:0.002000s ]
SQL: SHOW COLUMNS FROM `gica_config` [ RunTime:0.0030s ]
SQL: SELECT `type`,`name`,`value` FROM `gica_config` WHERE `status` = 1  [ RunTime:0.0010s ]
ERR: 模板不存在:./Application/Member/View/default/Friends/index.html

[ 2014-12-04T11:00:03+08:00 ] 127.0.0.1 /index.php?s=/Member/Index/index.html
INFO: [ app_init ] --START--
INFO: Run Behavior\BuildLiteBehavior [ RunTime:0.000000s ]
INFO: Run Common\Behavior\InitHookBehavior [ RunTime:0.007001s ]
INFO: [ app_init ] --END-- [ RunTime:0.007001s ]
INFO: [ app_begin ] --START--
INFO: Run Behavior\ReadHtmlCacheBehavior [ RunTime:0.001000s ]
INFO: [ app_begin ] --END-- [ RunTime:0.001000s ]
SQL: SHOW COLUMNS FROM `gica_config` [ RunTime:0.0020s ]
SQL: SELECT `type`,`name`,`value` FROM `gica_config` WHERE `status` = 1  [ RunTime:0.0000s ]

[ 2014-12-04T11:00:18+08:00 ] 127.0.0.1 /index.php?s=/Member/Index/index.html
INFO: [ app_init ] --START--
INFO: Run Behavior\BuildLiteBehavior [ RunTime:0.000000s ]
INFO: Run Common\Behavior\InitHookBehavior [ RunTime:0.007000s ]
INFO: [ app_init ] --END-- [ RunTime:0.008000s ]
INFO: [ app_begin ] --START--
INFO: Run Behavior\ReadHtmlCacheBehavior [ RunTime:0.002000s ]
INFO: [ app_begin ] --END-- [ RunTime:0.002000s ]
SQL: SHOW COLUMNS FROM `gica_config` [ RunTime:0.0020s ]
SQL: SELECT `type`,`name`,`value` FROM `gica_config` WHERE `status` = 1  [ RunTime:0.0010s ]

[ 2014-12-04T11:00:33+08:00 ] 127.0.0.1 /index.php?s=/Member/Index/index.html
INFO: [ app_init ] --START--
INFO: Run Behavior\BuildLiteBehavior [ RunTime:0.000000s ]
INFO: Run Common\Behavior\InitHookBehavior [ RunTime:0.007000s ]
INFO: [ app_init ] --END-- [ RunTime:0.008000s ]
INFO: [ app_begin ] --START--
INFO: Run Behavior\ReadHtmlCacheBehavior [ RunTime:0.002000s ]
INFO: [ app_begin ] --END-- [ RunTime:0.002000s ]
SQL: SHOW COLUMNS FROM `gica_config` [ RunTime:0.0020s ]
SQL: SELECT `type`,`name`,`value` FROM `gica_config` WHERE `status` = 1  [ RunTime:0.0000s ]

[ 2014-12-04T11:00:35+08:00 ] 127.0.0.1 /index.php?s=/Member/Friends/friends.html
INFO: [ app_init ] --START--
INFO: Run Behavior\BuildLiteBehavior [ RunTime:0.000000s ]
INFO: Run Common\Behavior\InitHookBehavior [ RunTime:0.007001s ]
INFO: [ app_init ] --END-- [ RunTime:0.007001s ]
INFO: [ app_begin ] --START--
INFO: Run Behavior\ReadHtmlCacheBehavior [ RunTime:0.002000s ]
INFO: [ app_begin ] --END-- [ RunTime:0.002000s ]
SQL: SHOW COLUMNS FROM `gica_config` [ RunTime:0.0020s ]
SQL: SELECT `type`,`name`,`value` FROM `gica_config` WHERE `status` = 1  [ RunTime:0.0010s ]

